  Application.cpp
c:\users\ramsubo\desktop\3d-physics-racing-game\physics3d_class5 - solution\modulephysics3d.h(41): error C2086: 'bool ModulePhysics3D::debug': redefinition
  c:\users\ramsubo\desktop\3d-physics-racing-game\physics3d_class5 - solution\modulephysics3d.h(38): note: see declaration of 'ModulePhysics3D::debug'
  Main.cpp
c:\users\ramsubo\desktop\3d-physics-racing-game\physics3d_class5 - solution\modulephysics3d.h(41): error C2086: 'bool ModulePhysics3D::debug': redefinition
  c:\users\ramsubo\desktop\3d-physics-racing-game\physics3d_class5 - solution\modulephysics3d.h(38): note: see declaration of 'ModulePhysics3D::debug'
  ModuleAudio.cpp
c:\users\ramsubo\desktop\3d-physics-racing-game\physics3d_class5 - solution\modulephysics3d.h(41): error C2086: 'bool ModulePhysics3D::debug': redefinition
  c:\users\ramsubo\desktop\3d-physics-racing-game\physics3d_class5 - solution\modulephysics3d.h(38): note: see declaration of 'ModulePhysics3D::debug'
  ModuleCamera3D.cpp
c:\users\ramsubo\desktop\3d-physics-racing-game\physics3d_class5 - solution\modulephysics3d.h(41): error C2086: 'bool ModulePhysics3D::debug': redefinition
  c:\users\ramsubo\desktop\3d-physics-racing-game\physics3d_class5 - solution\modulephysics3d.h(38): note: see declaration of 'ModulePhysics3D::debug'
c:\users\ramsubo\desktop\3d-physics-racing-game\physics3d_class5 - solution\physbody3d.h(25): error C2535: 'void PhysBody3D::SetTransform(const float *) const': member function already defined or declared
  c:\users\ramsubo\desktop\3d-physics-racing-game\physics3d_class5 - solution\physbody3d.h(23): note: see declaration of 'PhysBody3D::SetTransform'
c:\users\ramsubo\desktop\3d-physics-racing-game\physics3d_class5 - solution\modulecamera3d.cpp(46): error C2039: 'debuging': is not a member of 'ModulePhysics3D'
  c:\users\ramsubo\desktop\3d-physics-racing-game\physics3d_class5 - solution\modulephysics3d.h(17): note: see declaration of 'ModulePhysics3D'
  ModuleInput.cpp
c:\users\ramsubo\desktop\3d-physics-racing-game\physics3d_class5 - solution\modulephysics3d.h(41): error C2086: 'bool ModulePhysics3D::debug': redefinition
  c:\users\ramsubo\desktop\3d-physics-racing-game\physics3d_class5 - solution\modulephysics3d.h(38): note: see declaration of 'ModulePhysics3D::debug'
  ModulePhysics3D.cpp
c:\users\ramsubo\desktop\3d-physics-racing-game\physics3d_class5 - solution\modulephysics3d.h(41): error C2086: 'bool ModulePhysics3D::debug': redefinition
  c:\users\ramsubo\desktop\3d-physics-racing-game\physics3d_class5 - solution\modulephysics3d.h(38): note: see declaration of 'ModulePhysics3D::debug'
c:\users\ramsubo\desktop\3d-physics-racing-game\physics3d_class5 - solution\physbody3d.h(25): error C2535: 'void PhysBody3D::SetTransform(const float *) const': member function already defined or declared
  c:\users\ramsubo\desktop\3d-physics-racing-game\physics3d_class5 - solution\physbody3d.h(23): note: see declaration of 'PhysBody3D::SetTransform'
c:\users\ramsubo\desktop\3d-physics-racing-game\physics3d_class5 - solution\modulephysics3d.cpp(212): error C2664: 'PhysBody3D::PhysBody3D(const PhysBody3D &)': cannot convert argument 1 from 'btRigidBody *' to 'const PhysBody3D &'
  c:\users\ramsubo\desktop\3d-physics-racing-game\physics3d_class5 - solution\modulephysics3d.cpp(212): note: Reason: cannot convert from 'btRigidBody *' to 'const PhysBody3D'
  c:\users\ramsubo\desktop\3d-physics-racing-game\physics3d_class5 - solution\modulephysics3d.cpp(212): note: No constructor could take the source type, or constructor overload resolution was ambiguous
c:\users\ramsubo\desktop\3d-physics-racing-game\physics3d_class5 - solution\modulephysics3d.cpp(240): error C2664: 'PhysBody3D::PhysBody3D(const PhysBody3D &)': cannot convert argument 1 from 'btRigidBody *' to 'const PhysBody3D &'
  c:\users\ramsubo\desktop\3d-physics-racing-game\physics3d_class5 - solution\modulephysics3d.cpp(240): note: Reason: cannot convert from 'btRigidBody *' to 'const PhysBody3D'
  c:\users\ramsubo\desktop\3d-physics-racing-game\physics3d_class5 - solution\modulephysics3d.cpp(240): note: No constructor could take the source type, or constructor overload resolution was ambiguous
c:\users\ramsubo\desktop\3d-physics-racing-game\physics3d_class5 - solution\modulephysics3d.cpp(267): error C2664: 'PhysBody3D::PhysBody3D(const PhysBody3D &)': cannot convert argument 1 from 'btRigidBody *' to 'const PhysBody3D &'
  c:\users\ramsubo\desktop\3d-physics-racing-game\physics3d_class5 - solution\modulephysics3d.cpp(267): note: Reason: cannot convert from 'btRigidBody *' to 'const PhysBody3D'
  c:\users\ramsubo\desktop\3d-physics-racing-game\physics3d_class5 - solution\modulephysics3d.cpp(267): note: No constructor could take the source type, or constructor overload resolution was ambiguous
  ModulePlayer.cpp
c:\users\ramsubo\desktop\3d-physics-racing-game\physics3d_class5 - solution\modulephysics3d.h(41): error C2086: 'bool ModulePhysics3D::debug': redefinition
  c:\users\ramsubo\desktop\3d-physics-racing-game\physics3d_class5 - solution\modulephysics3d.h(38): note: see declaration of 'ModulePhysics3D::debug'
c:\users\ramsubo\desktop\3d-physics-racing-game\physics3d_class5 - solution\physbody3d.h(25): error C2535: 'void PhysBody3D::SetTransform(const float *) const': member function already defined or declared
  c:\users\ramsubo\desktop\3d-physics-racing-game\physics3d_class5 - solution\physbody3d.h(23): note: see declaration of 'PhysBody3D::SetTransform'
  ModuleRenderer3D.cpp
c:\users\ramsubo\desktop\3d-physics-racing-game\physics3d_class5 - solution\modulephysics3d.h(41): error C2086: 'bool ModulePhysics3D::debug': redefinition
  c:\users\ramsubo\desktop\3d-physics-racing-game\physics3d_class5 - solution\modulephysics3d.h(38): note: see declaration of 'ModulePhysics3D::debug'
  ModuleSceneIntro.cpp
c:\users\ramsubo\desktop\3d-physics-racing-game\physics3d_class5 - solution\modulephysics3d.h(41): error C2086: 'bool ModulePhysics3D::debug': redefinition
  c:\users\ramsubo\desktop\3d-physics-racing-game\physics3d_class5 - solution\modulephysics3d.h(38): note: see declaration of 'ModulePhysics3D::debug'
c:\users\ramsubo\desktop\3d-physics-racing-game\physics3d_class5 - solution\physbody3d.h(25): error C2535: 'void PhysBody3D::SetTransform(const float *) const': member function already defined or declared
  c:\users\ramsubo\desktop\3d-physics-racing-game\physics3d_class5 - solution\physbody3d.h(23): note: see declaration of 'PhysBody3D::SetTransform'
  ModuleWindow.cpp
c:\users\ramsubo\desktop\3d-physics-racing-game\physics3d_class5 - solution\modulephysics3d.h(41): error C2086: 'bool ModulePhysics3D::debug': redefinition
  c:\users\ramsubo\desktop\3d-physics-racing-game\physics3d_class5 - solution\modulephysics3d.h(38): note: see declaration of 'ModulePhysics3D::debug'
  PhysBody3D.cpp
c:\users\ramsubo\desktop\3d-physics-racing-game\physics3d_class5 - solution\physbody3d.h(25): error C2535: 'void PhysBody3D::SetTransform(const float *) const': member function already defined or declared
  c:\users\ramsubo\desktop\3d-physics-racing-game\physics3d_class5 - solution\physbody3d.h(23): note: see declaration of 'PhysBody3D::SetTransform'
c:\users\ramsubo\desktop\3d-physics-racing-game\physics3d_class5 - solution\physbody3d.cpp(34): error C2084: function 'void PhysBody3D::Push(float,float,float)' already has a body
  c:\users\ramsubo\desktop\3d-physics-racing-game\physics3d_class5 - solution\physbody3d.cpp(19): note: see previous definition of 'Push'
c:\users\ramsubo\desktop\3d-physics-racing-game\physics3d_class5 - solution\physbody3d.cpp(39): error C2084: function 'void PhysBody3D::GetTransform(float *) const' already has a body
  c:\users\ramsubo\desktop\3d-physics-racing-game\physics3d_class5 - solution\physbody3d.cpp(25): note: see previous definition of 'GetTransform'
  PhysVehicle3D.cpp
c:\users\ramsubo\desktop\3d-physics-racing-game\physics3d_class5 - solution\physbody3d.h(25): error C2535: 'void PhysBody3D::SetTransform(const float *) const': member function already defined or declared
  c:\users\ramsubo\desktop\3d-physics-racing-game\physics3d_class5 - solution\physbody3d.h(23): note: see declaration of 'PhysBody3D::SetTransform'
c:\users\ramsubo\desktop\3d-physics-racing-game\physics3d_class5 - solution\physvehicle3d.cpp(13): error C2664: 'PhysBody3D::PhysBody3D(const PhysBody3D &)': cannot convert argument 1 from 'btRigidBody *' to 'const PhysBody3D &'
  c:\users\ramsubo\desktop\3d-physics-racing-game\physics3d_class5 - solution\physvehicle3d.cpp(14): note: Reason: cannot convert from 'btRigidBody *' to 'const PhysBody3D'
  c:\users\ramsubo\desktop\3d-physics-racing-game\physics3d_class5 - solution\physvehicle3d.cpp(14): note: No constructor could take the source type, or constructor overload resolution was ambiguous
  Generating Code...
